Using pre-set license
Built from '2020.2/staging' branch; Version is '2020.2.3f1 (8ff31bc5bf5b) revision 9433883'; Using compiler version '192528614'; Build Type 'Release'
OS: 'Windows 10 Home; OS build 19042.985; Version 2009; 64bit' Language: 'zh' Physical Memory: 8103 MB
BatchMode: 1, IsHumanControllingUs: 0, StartBugReporterOnCrash: 0, Is64bit: 1, IsPro: 0

 COMMAND LINE ARGUMENTS:
D:\2020.2.3f1\Editor\Unity.exe
-adb2
-batchMode
-noUpm
-name
AssetImportWorker0
-projectPath
D:/unity/inputgame
-logFile
Logs/AssetImportWorker0.log
-srvPort
60450
Successfully changed project path to: D:/unity/inputgame
D:/unity/inputgame
Using Asset Import Pipeline V2.
Refreshing native plugins compatible for Editor in 50.11 ms, found 1 plugins.
Preloading 0 native plugins for Editor in 0.00 ms.
Initialize engine version: 2020.2.3f1 (8ff31bc5bf5b)
[Subsystems] Discovering subsystems at path D:/2020.2.3f1/Editor/Data/Resources/UnitySubsystems
[Subsystems] Discovering subsystems at path D:/unity/inputgame/Assets
GfxDevice: creating device client; threaded=0
Direct3D:
    Version:  Direct3D 11.0 [level 11.1]
    Renderer: NVIDIA GeForce GT 1030 (ID=0x1d01)
    Vendor:   
    VRAM:     1982 MB
    Driver:   27.21.14.5671
Initialize mono
Mono path[0] = 'D:/2020.2.3f1/Editor/Data/Managed'
Mono path[1] = 'D:/2020.2.3f1/Editor/Data/MonoBleedingEdge/lib/mono/unityjit'
Mono config path = 'D:/2020.2.3f1/Editor/Data/MonoBleedingEdge/etc'
Using monoOptions --debugger-agent=transport=dt_socket,embedding=1,server=y,suspend=n,address=127.0.0.1:56056
Begin MonoManager ReloadAssembly
Registering precompiled unity dll's ...
Register platform support module: D:/2020.2.3f1/Editor/Data/PlaybackEngines/WindowsStandaloneSupport/UnityEditor.WindowsStandalone.Extensions.dll
Registered in 0.001375 seconds.
Native extension for WindowsStandalone target not found
Refreshing native plugins compatible for Editor in 38.84 ms, found 1 plugins.
Preloading 0 native plugins for Editor in 0.00 ms.
Invoked RoslynAnalysisRunner static constructor.
RoslynAnalysisRunner will not be running.
RoslynAnalysisRunner has terminated.
Mono: successfully reloaded assembly
- Completed reload, in  1.477 seconds
Platform modules already initialized, skipping
Registering precompiled user dll's ...
Registered in 0.000990 seconds.
Begin MonoManager ReloadAssembly
Native extension for WindowsStandalone target not found
Refreshing native plugins compatible for Editor in 38.23 ms, found 1 plugins.
Preloading 0 native plugins for Editor in 0.00 ms.
Invoked RoslynAnalysisRunner static constructor.
RoslynAnalysisRunner will not be running.
RoslynAnalysisRunner has terminated.
Mono: successfully reloaded assembly
- Completed reload, in  1.017 seconds
Platform modules already initialized, skipping
========================================================================
Worker process is ready to serve import requests
Launched and connected shader compiler UnityShaderCompiler.exe after 0.08 seconds
Refreshing native plugins compatible for Editor in 0.32 ms, found 1 plugins.
Preloading 0 native plugins for Editor in 0.00 ms.
Unloading 1800 Unused Serialized files (Serialized files now loaded: 0)
System memory in use before: 86.9 MB.
System memory in use after: 86.9 MB.

Unloading 24 unused Assets to reduce memory usage. Loaded Objects now: 2242.
Total: 2.311100 ms (FindLiveObjects: 0.414600 ms CreateObjectMapping: 0.117700 ms MarkObjects: 1.656800 ms  DeleteObjects: 0.121000 ms)

========================================================================
Received Import Request.
  path: Assets/png/book.png
  artifactKey: Guid(38df54a255ae48a4abd7da076029f69e) Importer(815301076,1909f56bfc062723c751e8b465ee728b)
Start importing Assets/png/book.png using Guid(38df54a255ae48a4abd7da076029f69e) Importer(815301076,1909f56bfc062723c751e8b465ee728b)  -> (artifact id: 'c95279dd8637d4b9e09b60ca87563eb2') in 0.224550 seconds
  Import took 0.233735 seconds .

========================================================================
Received Import Request.
  Time since last request: 0.000826 seconds.
  path: Assets/png/logo.png
  artifactKey: Guid(d9011d6857950ad42812919c6c05ecfd) Importer(815301076,1909f56bfc062723c751e8b465ee728b)
Start importing Assets/png/logo.png using Guid(d9011d6857950ad42812919c6c05ecfd) Importer(815301076,1909f56bfc062723c751e8b465ee728b)  -> (artifact id: 'db0b80901989819af69772d9485d2881') in 0.032403 seconds
  Import took 0.041520 seconds .

========================================================================
Received Import Request.
  Time since last request: 0.000366 seconds.
  path: Assets/png/downbook.png
  artifactKey: Guid(8c1f151e1e936fe489257d475a1571da) Importer(815301076,1909f56bfc062723c751e8b465ee728b)
Start importing Assets/png/downbook.png using Guid(8c1f151e1e936fe489257d475a1571da) Importer(815301076,1909f56bfc062723c751e8b465ee728b)  -> (artifact id: '2c8aa64609a5d20801a9779b48463003') in 0.019314 seconds
  Import took 0.032933 seconds .

========================================================================
Received Import Request.
  Time since last request: 0.000512 seconds.
  path: Assets/png/page.png
  artifactKey: Guid(1105f484a841af342a7d800d47255683) Importer(815301076,1909f56bfc062723c751e8b465ee728b)
Start importing Assets/png/page.png using Guid(1105f484a841af342a7d800d47255683) Importer(815301076,1909f56bfc062723c751e8b465ee728b)  -> (artifact id: '0ab59e7dff56404ffc594ec8445e9154') in 0.018973 seconds
  Import took 0.026197 seconds .

========================================================================
Received Import Request.
  Time since last request: 0.000408 seconds.
  path: Assets/png/box.png
  artifactKey: Guid(b278b427f8d5d254a8d2c84cc7f0f47d) Importer(815301076,1909f56bfc062723c751e8b465ee728b)
Start importing Assets/png/box.png using Guid(b278b427f8d5d254a8d2c84cc7f0f47d) Importer(815301076,1909f56bfc062723c751e8b465ee728b)  -> (artifact id: '6e2d247eeee792eda6609fa6911b60ca') in 0.022602 seconds
  Import took 0.038751 seconds .

========================================================================
Received Import Request.
  Time since last request: 0.000358 seconds.
  path: Assets/png/logo2021.png
  artifactKey: Guid(e6d636b645029c64580241b114aaecf3) Importer(815301076,1909f56bfc062723c751e8b465ee728b)
Start importing Assets/png/logo2021.png using Guid(e6d636b645029c64580241b114aaecf3) Importer(815301076,1909f56bfc062723c751e8b465ee728b)  -> (artifact id: '6dfeec1a7a1a68e627b93de9313c5ed9') in 0.019475 seconds
  Import took 0.023969 seconds .

========================================================================
Received Import Request.
  Time since last request: 4.930957 seconds.
  path: Assets/Scenes/teach.unity
  artifactKey: Guid(75abeb59153e9534dbdd32caacffe95d) Importer(815301076,1909f56bfc062723c751e8b465ee728b)
Start importing Assets/Scenes/teach.unity using Guid(75abeb59153e9534dbdd32caacffe95d) Importer(815301076,1909f56bfc062723c751e8b465ee728b)  -> (artifact id: '26b0eac7f800d86a3a70ce05155196be') in 0.013312 seconds
  Import took 0.017684 seconds .

========================================================================
Received Import Request.
  Time since last request: 0.000821 seconds.
  path: Assets/Scenes/teach.unity
  artifactKey: Guid(75abeb59153e9534dbdd32caacffe95d) Importer(815301076,1909f56bfc062723c751e8b465ee728b)
Start importing Assets/Scenes/teach.unity using Guid(75abeb59153e9534dbdd32caacffe95d) Importer(815301076,1909f56bfc062723c751e8b465ee728b)  -> (artifact id: '26b0eac7f800d86a3a70ce05155196be') in 0.002119 seconds
  Import took 0.005147 seconds .

========================================================================
Received Prepare
Registering precompiled user dll's ...
Registered in 0.001060 seconds.
Begin MonoManager ReloadAssembly
Native extension for WindowsStandalone target not found
Refreshing native plugins compatible for Editor in 0.33 ms, found 1 plugins.
Preloading 0 native plugins for Editor in 0.00 ms.
Invoked RoslynAnalysisRunner static constructor.
RoslynAnalysisRunner will not be running.
RoslynAnalysisRunner has terminated.
Mono: successfully reloaded assembly
- Completed reload, in  0.862 seconds
Platform modules already initialized, skipping
Switching build target platform(5) subTarget(0) extendedPlatform(0) -> platform(13) subTarget(537395200) extendedPlatform(0)
Refreshing native plugins compatible for Editor in 0.32 ms, found 1 plugins.
Preloading 0 native plugins for Editor in 0.00 ms.
Unloading 1798 Unused Serialized files (Serialized files now loaded: 0)
System memory in use before: 90.0 MB.
System memory in use after: 90.0 MB.

Unloading 12 unused Assets to reduce memory usage. Loaded Objects now: 2257.
Total: 1.996300 ms (FindLiveObjects: 0.196700 ms CreateObjectMapping: 0.063600 ms MarkObjects: 1.640000 ms  DeleteObjects: 0.095400 ms)

AssetImportParameters requested are different than current active one (requested -> active):
  custom:graphics/normal-map-encoding: 01000000000000000000000000000000 -> 02000000000000000000000000000000
========================================================================
Received Prepare
Registering precompiled user dll's ...
Registered in 0.001062 seconds.
Begin MonoManager ReloadAssembly
Native extension for WindowsStandalone target not found
Refreshing native plugins compatible for Editor in 0.34 ms, found 1 plugins.
Preloading 0 native plugins for Editor in 0.00 ms.
Invoked RoslynAnalysisRunner static constructor.
RoslynAnalysisRunner will not be running.
RoslynAnalysisRunner has terminated.
Mono: successfully reloaded assembly
- Completed reload, in  0.890 seconds
Platform modules already initialized, skipping
Switching build target platform(5) subTarget(0) extendedPlatform(0) -> platform(13) subTarget(537395200) extendedPlatform(0)
Refreshing native plugins compatible for Editor in 0.33 ms, found 1 plugins.
Preloading 0 native plugins for Editor in 0.00 ms.
Unloading 1798 Unused Serialized files (Serialized files now loaded: 0)
System memory in use before: 90.0 MB.
System memory in use after: 90.0 MB.

Unloading 12 unused Assets to reduce memory usage. Loaded Objects now: 2260.
Total: 1.965400 ms (FindLiveObjects: 0.216400 ms CreateObjectMapping: 0.073000 ms MarkObjects: 1.584000 ms  DeleteObjects: 0.091200 ms)

AssetImportParameters requested are different than current active one (requested -> active):
  custom:graphics/normal-map-encoding: 01000000000000000000000000000000 -> 02000000000000000000000000000000
========================================================================
Received Prepare
Registering precompiled user dll's ...
Registered in 0.000985 seconds.
Begin MonoManager ReloadAssembly
Native extension for WindowsStandalone target not found
Refreshing native plugins compatible for Editor in 0.39 ms, found 1 plugins.
Preloading 0 native plugins for Editor in 0.00 ms.
Invoked RoslynAnalysisRunner static constructor.
RoslynAnalysisRunner will not be running.
RoslynAnalysisRunner has terminated.
Mono: successfully reloaded assembly
- Completed reload, in  0.866 seconds
Platform modules already initialized, skipping
Switching build target platform(5) subTarget(0) extendedPlatform(0) -> platform(13) subTarget(537395200) extendedPlatform(0)
Refreshing native plugins compatible for Editor in 0.36 ms, found 1 plugins.
Preloading 0 native plugins for Editor in 0.00 ms.
Unloading 1798 Unused Serialized files (Serialized files now loaded: 0)
System memory in use before: 90.1 MB.
System memory in use after: 90.1 MB.

Unloading 12 unused Assets to reduce memory usage. Loaded Objects now: 2263.
Total: 1.865400 ms (FindLiveObjects: 0.168700 ms CreateObjectMapping: 0.064800 ms MarkObjects: 1.526200 ms  DeleteObjects: 0.104900 ms)

AssetImportParameters requested are different than current active one (requested -> active):
  custom:graphics/normal-map-encoding: 01000000000000000000000000000000 -> 02000000000000000000000000000000
========================================================================
Received Import Request.
  Time since last request: 252.319773 seconds.
  path: Assets/Scenes/rule.unity
  artifactKey: Guid(755c6875c52f463458b32b6477569c0f) Importer(815301076,1909f56bfc062723c751e8b465ee728b)
Start importing Assets/Scenes/rule.unity using Guid(755c6875c52f463458b32b6477569c0f) Importer(815301076,1909f56bfc062723c751e8b465ee728b)  -> (artifact id: '90f9b50d1f835c2f19a6437114efb908') in 0.017448 seconds
  Import took 0.041575 seconds .

AssetImportWorkerClient::OnTransportError - code=2 error=End of file
